<?xml version="1.0" encoding="UTF-8"?>
<!-- Generated by org.testng.reporters.JUnitXMLReporter -->
<testsuite hostname="DESKTOP-HGNDO4G" name="Default test" tests="5" failures="0" timestamp="18 Aug 2021 05:33:36 GMT" time="23.142" errors="0">
  <testcase name="OpenChrome" time="0.031" classname="question.NewTest"/>
  <testcase name="goToDista" time="13.652" classname="question.NewTest"/>
  <testcase name="gotoproducts" time="3.396" classname="question.NewTest"/>
  <testcase name="goToDistaFood" time="5.106" classname="question.NewTest"/>
  <testcase name="closeBrowser" time="0.89" classname="question.NewTest"/>
</testsuite> <!-- Default test -->
